Using pre-set license
Built from '2020.3/staging' branch; Version is '2020.3.16f1 (049d6eca3c44) revision 302446'; Using compiler version '192528614'; Build Type 'Release'
OS: 'Windows 10 Home; OS build 19042.1237; Version 2009; 64bit' Language: 'en' Physical Memory: 16196 MB
BatchMode: 1, IsHumanControllingUs: 0, StartBugReporterOnCrash: 0, Is64bit: 1, IsPro: 0

 COMMAND LINE ARGUMENTS:
D:\Unity\2020.3.16f1\Editor\Unity.exe
-adb2
-batchMode
-noUpm
-name
AssetImportWorker0
-projectPath
D:/Classes/Game Development/GitHub/Roll a Ball
-logFile
Logs/AssetImportWorker0.log
-srvPort
51447
Successfully changed project path to: D:/Classes/Game Development/GitHub/Roll a Ball
D:/Classes/Game Development/GitHub/Roll a Ball
Using Asset Import Pipeline V2.
Refreshing native plugins compatible for Editor in 57.10 ms, found 2 plugins.
Preloading 0 native plugins for Editor in 0.00 ms.
Initialize engine version: 2020.3.16f1 (049d6eca3c44)
[Subsystems] Discovering subsystems at path D:/Unity/2020.3.16f1/Editor/Data/Resources/UnitySubsystems
[Subsystems] Discovering subsystems at path D:/Classes/Game Development/GitHub/Roll a Ball/Assets
GfxDevice: creating device client; threaded=0
Direct3D:
    Version:  Direct3D 11.0 [level 11.1]
    Renderer: NVIDIA GeForce RTX 2060 (ID=0x1f11)
    Vendor:   
    VRAM:     5980 MB
    Driver:   30.0.14.7212
Shader 'Universal Render Pipeline/Particles/Lit': fallback shader 'Universal Render Pipeline/Particles/SimpleLit' not found
Initialize mono
Mono path[0] = 'D:/Unity/2020.3.16f1/Editor/Data/Managed'
Mono path[1] = 'D:/Unity/2020.3.16f1/Editor/Data/MonoBleedingEdge/lib/mono/unityjit'
Mono config path = 'D:/Unity/2020.3.16f1/Editor/Data/MonoBleedingEdge/etc'
Using monoOptions --debugger-agent=transport=dt_socket,embedding=1,server=y,suspend=n,address=127.0.0.1:56508
Begin MonoManager ReloadAssembly
Registering precompiled unity dll's ...
Register platform support module: D:/Unity/2020.3.16f1/Editor/Data/PlaybackEngines/WindowsStandaloneSupport/UnityEditor.WindowsStandalone.Extensions.dll
Registered in 0.001164 seconds.
Native extension for WindowsStandalone target not found
Refreshing native plugins compatible for Editor in 56.57 ms, found 2 plugins.
Preloading 0 native plugins for Editor in 0.00 ms.
Mono: successfully reloaded assembly
- Completed reload, in  0.909 seconds
Domain Reload Profiling:
	ReloadAssembly (909ms)
		BeginReloadAssembly (50ms)
			ExecutionOrderSort (0ms)
			DisableScriptedObjects (0ms)
			BackupInstance (0ms)
			ReleaseScriptingObjects (0ms)
			CreateAndSetChildDomain (1ms)
		EndReloadAssembly (422ms)
			LoadAssemblies (49ms)
			RebuildTransferFunctionScriptingTraits (0ms)
			SetupTypeCache (147ms)
			ReleaseScriptCaches (0ms)
			RebuildScriptCaches (30ms)
			SetupLoadedEditorAssemblies (177ms)
				LogAssemblyErrors (0ms)
				InitializePlatformSupportModulesInManaged (4ms)
				SetLoadedEditorAssemblies (0ms)
				RefreshPlugins (57ms)
				BeforeProcessingInitializeOnLoad (16ms)
				ProcessInitializeOnLoadAttributes (74ms)
				ProcessInitializeOnLoadMethodAttributes (26ms)
				AfterProcessingInitializeOnLoad (0ms)
				EditorAssembliesLoaded (0ms)
			ExecutionOrderSort2 (0ms)
			AwakeInstancesAfterBackupRestoration (0ms)
Platform modules already initialized, skipping
Registering precompiled user dll's ...
Registered in 0.003429 seconds.
Begin MonoManager ReloadAssembly
Native extension for WindowsStandalone target not found
Refreshing native plugins compatible for Editor in 78.39 ms, found 2 plugins.
Preloading 0 native plugins for Editor in 0.00 ms.
Mono: successfully reloaded assembly
- Completed reload, in  1.486 seconds
Domain Reload Profiling:
	ReloadAssembly (1487ms)
		BeginReloadAssembly (144ms)
			ExecutionOrderSort (0ms)
			DisableScriptedObjects (4ms)
			BackupInstance (0ms)
			ReleaseScriptingObjects (0ms)
			CreateAndSetChildDomain (24ms)
		EndReloadAssembly (1289ms)
			LoadAssemblies (85ms)
			RebuildTransferFunctionScriptingTraits (0ms)
			SetupTypeCache (314ms)
			ReleaseScriptCaches (1ms)
			RebuildScriptCaches (103ms)
			SetupLoadedEditorAssemblies (602ms)
				LogAssemblyErrors (0ms)
				InitializePlatformSupportModulesInManaged (7ms)
				SetLoadedEditorAssemblies (0ms)
				RefreshPlugins (78ms)
				BeforeProcessingInitializeOnLoad (112ms)
				ProcessInitializeOnLoadAttributes (397ms)
				ProcessInitializeOnLoadMethodAttributes (6ms)
				AfterProcessingInitializeOnLoad (3ms)
				EditorAssembliesLoaded (0ms)
			ExecutionOrderSort2 (0ms)
			AwakeInstancesAfterBackupRestoration (9ms)
Platform modules already initialized, skipping
========================================================================
Worker process is ready to serve import requests
Shader 'Universal Render Pipeline/Particles/Lit': fallback shader 'Universal Render Pipeline/Particles/SimpleLit' not found
Launched and connected shader compiler UnityShaderCompiler.exe after 0.49 seconds
Refreshing native plugins compatible for Editor in 1.19 ms, found 2 plugins.
Preloading 0 native plugins for Editor in 0.00 ms.
Unloading 3021 Unused Serialized files (Serialized files now loaded: 0)
System memory in use before: 211.9 MB.
System memory in use after: 212.1 MB.

Unloading 21 unused Assets to reduce memory usage. Loaded Objects now: 3462.
Total: 5.369200 ms (FindLiveObjects: 0.360500 ms CreateObjectMapping: 0.253000 ms MarkObjects: 4.628100 ms  DeleteObjects: 0.125800 ms)

AssetImportParameters requested are different than current active one (requested -> active):
  custom:framework-win-MediaFoundation: 216162199b28c13a410421893ffa2e32 -> 
  custom:video-decoder-ogg-theora: a1e56fd34408186e4bbccfd4996cb3dc -> 
  custom:container-muxer-webm: aa71ff27fc2769a1b78a27578f13a17b -> 
  custom:container-demuxer-webm: 4f35f7cbe854078d1ac9338744f61a02 -> 
  custom:container-demuxer-ogg: 62fdf1f143b41e24485cea50d1cbac27 -> 
  custom:video-encoder-webm-vp8: eb34c28f22e8b96e1ab97ce403110664 -> 
  custom:video-codec-MediaFoundation-h265: 746d11721c4dcdbdad8f713fa42b33f4 -> 
  custom:video-decoder-webm-vp8: 9c59270c3fd7afecdb556c50c9e8de78 -> 
  custom:audio-decoder-ogg-vorbis: bf7c407c2cedff20999df2af8eb42d56 -> 
  custom:audio-encoder-webm-vorbis: bf7c407c2cedff20999df2af8eb42d56 -> 
========================================================================
Received Import Request.
  path: Assets/Imported Assests/SimpleLowPolyNature/Lowpoly Demo Post-processing Profile.asset
  artifactKey: Guid(8474767a16347414bbd97f6670a97ea8) Importer(815301076,1909f56bfc062723c751e8b465ee728b)
Start importing Assets/Imported Assests/SimpleLowPolyNature/Lowpoly Demo Post-processing Profile.asset using Guid(8474767a16347414bbd97f6670a97ea8) Importer(815301076,1909f56bfc062723c751e8b465ee728b)  -> (artifact id: '033a309cb1566abae54c357dd246ed62') in 0.333164 seconds 
  Import took 0.628271 seconds .

========================================================================
Received Import Request.
  Time since last request: 65.133535 seconds.
  path: Assets/Elf/Materials/beagle.mat
  artifactKey: Guid(6110baacfe6b7094485efc30042c8ed6) Importer(815301076,1909f56bfc062723c751e8b465ee728b)
Start importing Assets/Elf/Materials/beagle.mat using Guid(6110baacfe6b7094485efc30042c8ed6) Importer(815301076,1909f56bfc062723c751e8b465ee728b)  -> (artifact id: '474de4db55b4672bcb852965d818fda9') in 0.216692 seconds 
  Import took 0.474915 seconds .

========================================================================
Received Import Request.
  Time since last request: 0.000482 seconds.
  path: Assets/Elf/Materials/lesser panda.mat
  artifactKey: Guid(3516680a650adb14a900a6a2ea6705e8) Importer(815301076,1909f56bfc062723c751e8b465ee728b)
Start importing Assets/Elf/Materials/lesser panda.mat using Guid(3516680a650adb14a900a6a2ea6705e8) Importer(815301076,1909f56bfc062723c751e8b465ee728b)  -> (artifact id: '69933dcbc1a0bf1bd3fed52145b37553') in 0.024006 seconds 
  Import took 0.644351 seconds .

========================================================================
Received Import Request.
  Time since last request: 0.000596 seconds.
  path: Assets/Elf/Materials/elf weapon lv1.mat
  artifactKey: Guid(5a150d818d9f99c4fbcdc31b90fd40f0) Importer(815301076,1909f56bfc062723c751e8b465ee728b)
Start importing Assets/Elf/Materials/elf weapon lv1.mat using Guid(5a150d818d9f99c4fbcdc31b90fd40f0) Importer(815301076,1909f56bfc062723c751e8b465ee728b)  -> (artifact id: '4004e96ab796ade9d49ed7a820acf45e') in 0.015440 seconds 
  Import took 0.066426 seconds .

========================================================================
Received Import Request.
  Time since last request: 0.000196 seconds.
  path: Assets/Elf/FBX/Elf
  artifactKey: Guid(4534c14656a4e6643ad6afae7e790129) Importer(815301076,1909f56bfc062723c751e8b465ee728b)
Start importing Assets/Elf/FBX/Elf using Guid(4534c14656a4e6643ad6afae7e790129) Importer(815301076,1909f56bfc062723c751e8b465ee728b)  -> (artifact id: 'b9f5e7fd9a1267d31c54d3745d1dd0d7') in 0.004819 seconds 
  Import took 0.125339 seconds .

========================================================================
Received Import Request.
  Time since last request: 0.000184 seconds.
  path: Assets/Elf/FBX/Elf/elf demo.FBX
  artifactKey: Guid(e9c5981fbaf261f4f976333c279b3ffc) Importer(815301076,1909f56bfc062723c751e8b465ee728b)
Start importing Assets/Elf/FBX/Elf/elf demo.FBX using Guid(e9c5981fbaf261f4f976333c279b3ffc) Importer(815301076,1909f56bfc062723c751e8b465ee728b)  -> (artifact id: '51da6f6a56f869908fbac416fffe21e1') in 0.307593 seconds 
  Import took 0.324797 seconds .

========================================================================
Received Import Request.
  Time since last request: 0.000481 seconds.
  path: Assets/Elf/FBX/Elf/elf@run.FBX
  artifactKey: Guid(83a1a7554c6f87d4ca1b10a0b635da63) Importer(815301076,1909f56bfc062723c751e8b465ee728b)
Start importing Assets/Elf/FBX/Elf/elf@run.FBX using Guid(83a1a7554c6f87d4ca1b10a0b635da63) Importer(815301076,1909f56bfc062723c751e8b465ee728b)  -> (artifact id: '0f5e8342e3ee9877ffe8e50d5fb24906') in 0.016855 seconds 
  Import took 0.024194 seconds .

========================================================================
Received Import Request.
  Time since last request: 0.000202 seconds.
  path: Assets/Elf/Materials/elf weapon lv3.mat
  artifactKey: Guid(7009fb944aeec7341bf8f30acf32d486) Importer(815301076,1909f56bfc062723c751e8b465ee728b)
Start importing Assets/Elf/Materials/elf weapon lv3.mat using Guid(7009fb944aeec7341bf8f30acf32d486) Importer(815301076,1909f56bfc062723c751e8b465ee728b)  -> (artifact id: '3c75fb2e43cac3105aece9a07ffbd61f') in 0.013086 seconds 
  Import took 0.020075 seconds .

========================================================================
Received Import Request.
  Time since last request: 0.000627 seconds.
  path: Assets/Elf/FBX/Elf/elf@skill.FBX
  artifactKey: Guid(3a01564ae5eb666408a3de30ecaa958c) Importer(815301076,1909f56bfc062723c751e8b465ee728b)
Start importing Assets/Elf/FBX/Elf/elf@skill.FBX using Guid(3a01564ae5eb666408a3de30ecaa958c) Importer(815301076,1909f56bfc062723c751e8b465ee728b)  -> (artifact id: '92609b336a88fec62051ae5e7dbcd3c3') in 0.013645 seconds 
  Import took 0.021260 seconds .

========================================================================
Received Import Request.
  Time since last request: 0.000253 seconds.
  path: Assets/Elf/FBX/Elf/elf@idle.FBX
  artifactKey: Guid(ba9051795f1603d488a0ea998dbacc27) Importer(815301076,1909f56bfc062723c751e8b465ee728b)
Start importing Assets/Elf/FBX/Elf/elf@idle.FBX using Guid(ba9051795f1603d488a0ea998dbacc27) Importer(815301076,1909f56bfc062723c751e8b465ee728b)  -> (artifact id: '2dfaeeaa334224b260ba29d21263ee06') in 0.015198 seconds 
  Import took 0.024109 seconds .

========================================================================
Received Import Request.
  Time since last request: 0.000198 seconds.
  path: Assets/Elf/FBX/Elf/elf pet.FBX
  artifactKey: Guid(428e87d475580ca458360e8c4956c12b) Importer(815301076,1909f56bfc062723c751e8b465ee728b)
Start importing Assets/Elf/FBX/Elf/elf pet.FBX using Guid(428e87d475580ca458360e8c4956c12b) Importer(815301076,1909f56bfc062723c751e8b465ee728b)  -> (artifact id: '92328f0ef8a53906d580c73b081dfbff') in 0.067828 seconds 
  Import took 0.073313 seconds .

========================================================================
Received Import Request.
  Time since last request: 0.000182 seconds.
  path: Assets/Elf/Materials/face off elf lv2.mat
  artifactKey: Guid(82bfd846cc72e2c4ea47c8a9467d174e) Importer(815301076,1909f56bfc062723c751e8b465ee728b)
Start importing Assets/Elf/Materials/face off elf lv2.mat using Guid(82bfd846cc72e2c4ea47c8a9467d174e) Importer(815301076,1909f56bfc062723c751e8b465ee728b)  -> (artifact id: '43c97692d16e38754ad41c7cf62cef24') in 0.013947 seconds 
  Import took 0.020086 seconds .

========================================================================
Received Import Request.
  Time since last request: 0.000224 seconds.
  path: Assets/Elf/Materials/face off elf lv3.mat
  artifactKey: Guid(4ef873592ec0e7442b15726c65a3e260) Importer(815301076,1909f56bfc062723c751e8b465ee728b)
Start importing Assets/Elf/Materials/face off elf lv3.mat using Guid(4ef873592ec0e7442b15726c65a3e260) Importer(815301076,1909f56bfc062723c751e8b465ee728b)  -> (artifact id: '12fa17a1a28d0e5e6b24cf7fa6aec825') in 0.018375 seconds 
  Import took 0.031802 seconds .

========================================================================
Received Import Request.
  Time since last request: 0.000194 seconds.
  path: Assets/Elf/Materials/elf weapon lv2.mat
  artifactKey: Guid(8d426517a790d9844a891e3631e90a4a) Importer(815301076,1909f56bfc062723c751e8b465ee728b)
Start importing Assets/Elf/Materials/elf weapon lv2.mat using Guid(8d426517a790d9844a891e3631e90a4a) Importer(815301076,1909f56bfc062723c751e8b465ee728b)  -> (artifact id: '80d6412aabd287aee68dbd2fe8e5082c') in 0.017402 seconds 
  Import took 0.022319 seconds .

========================================================================
Received Import Request.
  Time since last request: 0.000218 seconds.
  path: Assets/Elf/Materials/face off elf lv1.mat
  artifactKey: Guid(34ee6dbd964bd4c44b9737522d71d2ae) Importer(815301076,1909f56bfc062723c751e8b465ee728b)
Start importing Assets/Elf/Materials/face off elf lv1.mat using Guid(34ee6dbd964bd4c44b9737522d71d2ae) Importer(815301076,1909f56bfc062723c751e8b465ee728b)  -> (artifact id: '4fb34311e3ac1ecf1c9037e27e69fe0a') in 0.016009 seconds 
  Import took 0.052185 seconds .

========================================================================
Received Import Request.
  Time since last request: 0.000373 seconds.
  path: Assets/Elf/Materials/fox.mat
  artifactKey: Guid(44749b974ceb3294482fe8577c6e4e31) Importer(815301076,1909f56bfc062723c751e8b465ee728b)
Start importing Assets/Elf/Materials/fox.mat using Guid(44749b974ceb3294482fe8577c6e4e31) Importer(815301076,1909f56bfc062723c751e8b465ee728b)  -> (artifact id: 'bd24c4c09619b4174d9dbde642f618b4') in 0.014361 seconds 
  Import took 0.057515 seconds .

========================================================================
Received Import Request.
  Time since last request: 0.000253 seconds.
  path: Assets/Elf/FBX/Elf/elf@attack.FBX
  artifactKey: Guid(0672d0af8c3cc8245af858351d3b6c33) Importer(815301076,1909f56bfc062723c751e8b465ee728b)
Start importing Assets/Elf/FBX/Elf/elf@attack.FBX using Guid(0672d0af8c3cc8245af858351d3b6c33) Importer(815301076,1909f56bfc062723c751e8b465ee728b)  -> (artifact id: '4168bfd2cdfcefd10f7b6f295be69cef') in 0.017481 seconds 
  Import took 0.070617 seconds .

========================================================================
Received Import Request.
  Time since last request: 0.000509 seconds.
  path: Assets/Elf/Materials/bear.mat
  artifactKey: Guid(f48e1d7071ef83e44849cfa98dd3a08f) Importer(815301076,1909f56bfc062723c751e8b465ee728b)
Start importing Assets/Elf/Materials/bear.mat using Guid(f48e1d7071ef83e44849cfa98dd3a08f) Importer(815301076,1909f56bfc062723c751e8b465ee728b)  -> (artifact id: '351952f40d251df2770f1b26960bf588') in 0.018984 seconds 
  Import took 0.047213 seconds .

========================================================================
Received Prepare
Registering precompiled user dll's ...
Registered in 0.003194 seconds.
Begin MonoManager ReloadAssembly
Native extension for WindowsStandalone target not found
Refreshing native plugins compatible for Editor in 0.59 ms, found 2 plugins.
Preloading 0 native plugins for Editor in 0.00 ms.
Mono: successfully reloaded assembly
- Completed reload, in  1.176 seconds
Domain Reload Profiling:
	ReloadAssembly (1176ms)
		BeginReloadAssembly (146ms)
			ExecutionOrderSort (0ms)
			DisableScriptedObjects (6ms)
			BackupInstance (0ms)
			ReleaseScriptingObjects (0ms)
			CreateAndSetChildDomain (41ms)
		EndReloadAssembly (972ms)
			LoadAssemblies (101ms)
			RebuildTransferFunctionScriptingTraits (0ms)
			SetupTypeCache (329ms)
			ReleaseScriptCaches (1ms)
			RebuildScriptCaches (38ms)
			SetupLoadedEditorAssemblies (370ms)
				LogAssemblyErrors (0ms)
				InitializePlatformSupportModulesInManaged (4ms)
				SetLoadedEditorAssemblies (0ms)
				RefreshPlugins (1ms)
				BeforeProcessingInitializeOnLoad (73ms)
				ProcessInitializeOnLoadAttributes (286ms)
				ProcessInitializeOnLoadMethodAttributes (4ms)
				AfterProcessingInitializeOnLoad (2ms)
				EditorAssembliesLoaded (0ms)
			ExecutionOrderSort2 (0ms)
			AwakeInstancesAfterBackupRestoration (15ms)
Platform modules already initialized, skipping
Shader 'Universal Render Pipeline/Particles/Lit': fallback shader 'Universal Render Pipeline/Particles/SimpleLit' not found
Refreshing native plugins compatible for Editor in 0.59 ms, found 2 plugins.
Preloading 0 native plugins for Editor in 0.00 ms.
Unloading 2897 Unused Serialized files (Serialized files now loaded: 0)
System memory in use before: 222.3 MB.
System memory in use after: 222.6 MB.

Unloading 14 unused Assets to reduce memory usage. Loaded Objects now: 3547.
Total: 3.363900 ms (FindLiveObjects: 0.289000 ms CreateObjectMapping: 0.158100 ms MarkObjects: 2.899200 ms  DeleteObjects: 0.016600 ms)

AssetImportParameters requested are different than current active one (requested -> active):
  custom:framework-win-MediaFoundation: 216162199b28c13a410421893ffa2e32 -> 
  custom:video-decoder-ogg-theora: a1e56fd34408186e4bbccfd4996cb3dc -> 
  custom:container-muxer-webm: aa71ff27fc2769a1b78a27578f13a17b -> 
  custom:container-demuxer-webm: 4f35f7cbe854078d1ac9338744f61a02 -> 
  custom:container-demuxer-ogg: 62fdf1f143b41e24485cea50d1cbac27 -> 
  custom:video-encoder-webm-vp8: eb34c28f22e8b96e1ab97ce403110664 -> 
  custom:video-codec-MediaFoundation-h265: 746d11721c4dcdbdad8f713fa42b33f4 -> 
  custom:video-decoder-webm-vp8: 9c59270c3fd7afecdb556c50c9e8de78 -> 
  custom:audio-decoder-ogg-vorbis: bf7c407c2cedff20999df2af8eb42d56 -> 
  custom:audio-encoder-webm-vorbis: bf7c407c2cedff20999df2af8eb42d56 -> 
